{"D:\\web\\learning\\hexlet\\projects\\frontend-project-lvl3\\src\\half.js": {"path":"D:\\web\\learning\\hexlet\\projects\\frontend-project-lvl3\\src\\half.js","statementMap":{"0":{"start":{"line":2,"column":17},"end":{"line":2,"column":24}},"1":{"start":{"line":3,"column":2},"end":{"line":3,"column":16}}},"fnMap":{"0":{"name":"(anonymous_0)","decl":{"start":{"line":1,"column":15},"end":{"line":1,"column":16}},"loc":{"start":{"line":1,"column":24},"end":{"line":4,"column":1}},"line":1}},"branchMap":{},"s":{"0":1,"1":1},"f":{"0":1},"b":{},"_coverageSchema":"1a1c01bbd47fc00a2c39e90264f33305004495a9","hash":"4577da4311775f11d24d4e14beac2dee0dcaf865"}
}
